<?xml version="1.0" encoding="UTF-8"?>
<TestRun id="e41b9630-3cb0-4849-b614-7d55ad425211" name="ss-si@ANZHELA-PC 2017-05-25 10:41:11" runUser="ANZHELA-PC\ss-si" xmlns="http://microsoft.com/schemas/VisualStudio/TeamTest/2010">
  <TestSettings name="Локальные" id="a85a7cba-6cd1-490f-879a-c359214a491d">
    <Description>Это - параметры по умолчанию для локального тестового запуска.</Description>
    <Deployment enabled="false" runDeploymentRoot="ss-si_ANZHELA-PC 2017-05-25 10_41_11">
      <DeploymentItem filename="C:\Users\ss-si\Desktop\Struchkov\Debug\Srtuchkov.exe" />
    </Deployment>
    <Execution>
      <TestTypeSpecific />
      <AgentRule name="Execution Agents">
      </AgentRule>
    </Execution>
  </TestSettings>
  <Times creation="2017-05-25T10:41:11.5442443+03:00" queuing="2017-05-25T10:41:15.4102929+03:00" start="2017-05-25T10:41:15.4944910+03:00" finish="2017-05-25T10:41:16.1449420+03:00" />
  <ResultSummary outcome="Completed">
    <Counters total="6" executed="6" passed="6" error="0" failed="0" timeout="0" aborted="0" inconclusive="0" passedButRunAborted="0" notRunnable="0" notExecuted="0" disconnected="0" warning="0" completed="0" inProgress="0" pending="0" />
  </ResultSummary>
  <TestDefinitions>
    <UnitTest name="TestNullTree" storage="c:\users\ss-si\desktop\struchkov\debug\defaulttest.dll" id="336722f7-ed9d-3153-7bbd-a0a15ef52101">
      <Execution id="d91ba389-cfec-40d7-a490-b115b4e57743" />
      <TestMethod codeBase="C:/Users/ss-si/Desktop/Struchkov/Debug/DefaultTest.DLL" adapterTypeName="Microsoft.VisualStudio.TestTools.TestTypes.Unit.UnitTestAdapter, Microsoft.VisualStudio.QualityTools.Tips.UnitTest.Adapter, Version=10.0.0.0, Culture=neutral, PublicKeyToken=b03f5f7f11d50a3a" className="TestStruchkov.UnitTest, DefaultTest, Version=1.0.6354.19234, Culture=neutral, PublicKeyToken=null" name="TestNullTree" />
    </UnitTest>
    <UnitTest name="TestLog2" storage="c:\users\ss-si\desktop\struchkov\debug\defaulttest.dll" id="792e5586-eb17-9689-2046-ed6859a89f68">
      <Execution id="3e8e5823-f825-4bfd-9915-d43eea141ccc" />
      <TestMethod codeBase="C:/Users/ss-si/Desktop/Struchkov/Debug/DefaultTest.DLL" adapterTypeName="Microsoft.VisualStudio.TestTools.TestTypes.Unit.UnitTestAdapter, Microsoft.VisualStudio.QualityTools.Tips.UnitTest.Adapter, Version=10.0.0.0, Culture=neutral, PublicKeyToken=b03f5f7f11d50a3a" className="TestStruchkov.UnitTest, DefaultTest, Version=1.0.6354.19234, Culture=neutral, PublicKeyToken=null" name="TestLog2" />
    </UnitTest>
    <UnitTest name="TestSumSerial" storage="c:\users\ss-si\desktop\struchkov\debug\defaulttest.dll" id="77dd7e82-9a3f-c80d-14c5-082b5e8e70a2">
      <Execution id="aa7880e4-1314-417e-b21e-2b4550219311" />
      <TestMethod codeBase="C:/Users/ss-si/Desktop/Struchkov/Debug/DefaultTest.DLL" adapterTypeName="Microsoft.VisualStudio.TestTools.TestTypes.Unit.UnitTestAdapter, Microsoft.VisualStudio.QualityTools.Tips.UnitTest.Adapter, Version=10.0.0.0, Culture=neutral, PublicKeyToken=b03f5f7f11d50a3a" className="TestStruchkov.UnitTest, DefaultTest, Version=1.0.6354.19234, Culture=neutral, PublicKeyToken=null" name="TestSumSerial" />
    </UnitTest>
    <UnitTest name="TestSumParallel" storage="c:\users\ss-si\desktop\struchkov\debug\defaulttest.dll" id="5c1f4678-bbfd-e5e5-2af9-0da40b6cd5e6">
      <Execution id="44291063-15df-4f40-8d1f-2b1a2ff69d3e" />
      <TestMethod codeBase="C:/Users/ss-si/Desktop/Struchkov/Debug/DefaultTest.DLL" adapterTypeName="Microsoft.VisualStudio.TestTools.TestTypes.Unit.UnitTestAdapter, Microsoft.VisualStudio.QualityTools.Tips.UnitTest.Adapter, Version=10.0.0.0, Culture=neutral, PublicKeyToken=b03f5f7f11d50a3a" className="TestStruchkov.UnitTest, DefaultTest, Version=1.0.6354.19234, Culture=neutral, PublicKeyToken=null" name="TestSumParallel" />
    </UnitTest>
    <UnitTest name="TestSingleTree" storage="c:\users\ss-si\desktop\struchkov\debug\defaulttest.dll" id="f2fcbda4-2b03-5dc7-76e6-d4f09acbdd4a">
      <Execution id="7a71b406-21db-4919-a80d-18320515192e" />
      <TestMethod codeBase="C:/Users/ss-si/Desktop/Struchkov/Debug/DefaultTest.DLL" adapterTypeName="Microsoft.VisualStudio.TestTools.TestTypes.Unit.UnitTestAdapter, Microsoft.VisualStudio.QualityTools.Tips.UnitTest.Adapter, Version=10.0.0.0, Culture=neutral, PublicKeyToken=b03f5f7f11d50a3a" className="TestStruchkov.UnitTest, DefaultTest, Version=1.0.6354.19234, Culture=neutral, PublicKeyToken=null" name="TestSingleTree" />
    </UnitTest>
    <UnitTest name="TestSumParallelPthread" storage="c:\users\ss-si\desktop\struchkov\debug\defaulttest.dll" id="2b072638-748d-5ee2-dd11-ac0457d46dbd">
      <Execution id="d8649f4a-d819-4e19-bd9a-699e518ee9a4" />
      <TestMethod codeBase="C:/Users/ss-si/Desktop/Struchkov/Debug/DefaultTest.DLL" adapterTypeName="Microsoft.VisualStudio.TestTools.TestTypes.Unit.UnitTestAdapter, Microsoft.VisualStudio.QualityTools.Tips.UnitTest.Adapter, Version=10.0.0.0, Culture=neutral, PublicKeyToken=b03f5f7f11d50a3a" className="TestStruchkov.UnitTest, DefaultTest, Version=1.0.6354.19234, Culture=neutral, PublicKeyToken=null" name="TestSumParallelPthread" />
    </UnitTest>
  </TestDefinitions>
  <TestLists>
    <TestList name="Отсутствующие в списке результаты" id="8c84fa94-04c1-424b-9868-57a2d4851a1d" />
    <TestList name="Все загруженные результаты" id="19431567-8539-422a-85d7-44ee4e166bda" />
  </TestLists>
  <TestEntries>
    <TestEntry testId="2b072638-748d-5ee2-dd11-ac0457d46dbd" executionId="d8649f4a-d819-4e19-bd9a-699e518ee9a4" testListId="8c84fa94-04c1-424b-9868-57a2d4851a1d" />
    <TestEntry testId="336722f7-ed9d-3153-7bbd-a0a15ef52101" executionId="d91ba389-cfec-40d7-a490-b115b4e57743" testListId="8c84fa94-04c1-424b-9868-57a2d4851a1d" />
    <TestEntry testId="5c1f4678-bbfd-e5e5-2af9-0da40b6cd5e6" executionId="44291063-15df-4f40-8d1f-2b1a2ff69d3e" testListId="8c84fa94-04c1-424b-9868-57a2d4851a1d" />
    <TestEntry testId="77dd7e82-9a3f-c80d-14c5-082b5e8e70a2" executionId="aa7880e4-1314-417e-b21e-2b4550219311" testListId="8c84fa94-04c1-424b-9868-57a2d4851a1d" />
    <TestEntry testId="792e5586-eb17-9689-2046-ed6859a89f68" executionId="3e8e5823-f825-4bfd-9915-d43eea141ccc" testListId="8c84fa94-04c1-424b-9868-57a2d4851a1d" />
    <TestEntry testId="f2fcbda4-2b03-5dc7-76e6-d4f09acbdd4a" executionId="7a71b406-21db-4919-a80d-18320515192e" testListId="8c84fa94-04c1-424b-9868-57a2d4851a1d" />
  </TestEntries>
  <Results>
    <UnitTestResult executionId="d8649f4a-d819-4e19-bd9a-699e518ee9a4" testId="2b072638-748d-5ee2-dd11-ac0457d46dbd" testName="TestSumParallelPthread" computerName="ANZHELA-PC" duration="00:00:00.0177854" startTime="2017-05-25T10:41:15.5544255+03:00" endTime="2017-05-25T10:41:15.9941846+03:00" testType="13cdc9d9-ddb5-4fa4-a97d-d965ccfc6d4b" outcome="Passed" testListId="8c84fa94-04c1-424b-9868-57a2d4851a1d" relativeResultsDirectory="d8649f4a-d819-4e19-bd9a-699e518ee9a4">
    </UnitTestResult>
    <UnitTestResult executionId="d91ba389-cfec-40d7-a490-b115b4e57743" testId="336722f7-ed9d-3153-7bbd-a0a15ef52101" testName="TestNullTree" computerName="ANZHELA-PC" duration="00:00:00.0001986" startTime="2017-05-25T10:41:16.0100053+03:00" endTime="2017-05-25T10:41:16.0100053+03:00" testType="13cdc9d9-ddb5-4fa4-a97d-d965ccfc6d4b" outcome="Passed" testListId="8c84fa94-04c1-424b-9868-57a2d4851a1d" relativeResultsDirectory="d91ba389-cfec-40d7-a490-b115b4e57743">
    </UnitTestResult>
    <UnitTestResult executionId="44291063-15df-4f40-8d1f-2b1a2ff69d3e" testId="5c1f4678-bbfd-e5e5-2af9-0da40b6cd5e6" testName="TestSumParallel" computerName="ANZHELA-PC" duration="00:00:00.0007763" startTime="2017-05-25T10:41:16.0100053+03:00" endTime="2017-05-25T10:41:16.0100053+03:00" testType="13cdc9d9-ddb5-4fa4-a97d-d965ccfc6d4b" outcome="Passed" testListId="8c84fa94-04c1-424b-9868-57a2d4851a1d" relativeResultsDirectory="44291063-15df-4f40-8d1f-2b1a2ff69d3e">
    </UnitTestResult>
    <UnitTestResult executionId="aa7880e4-1314-417e-b21e-2b4550219311" testId="77dd7e82-9a3f-c80d-14c5-082b5e8e70a2" testName="TestSumSerial" computerName="ANZHELA-PC" duration="00:00:00.0002668" startTime="2017-05-25T10:41:16.0278946+03:00" endTime="2017-05-25T10:41:16.0298964+03:00" testType="13cdc9d9-ddb5-4fa4-a97d-d965ccfc6d4b" outcome="Passed" testListId="8c84fa94-04c1-424b-9868-57a2d4851a1d" relativeResultsDirectory="aa7880e4-1314-417e-b21e-2b4550219311">
    </UnitTestResult>
    <UnitTestResult executionId="3e8e5823-f825-4bfd-9915-d43eea141ccc" testId="792e5586-eb17-9689-2046-ed6859a89f68" testName="TestLog2" computerName="ANZHELA-PC" duration="00:00:00.0006478" startTime="2017-05-25T10:41:16.0348987+03:00" endTime="2017-05-25T10:41:16.0401273+03:00" testType="13cdc9d9-ddb5-4fa4-a97d-d965ccfc6d4b" outcome="Passed" testListId="8c84fa94-04c1-424b-9868-57a2d4851a1d" relativeResultsDirectory="3e8e5823-f825-4bfd-9915-d43eea141ccc">
    </UnitTestResult>
    <UnitTestResult executionId="7a71b406-21db-4919-a80d-18320515192e" testId="f2fcbda4-2b03-5dc7-76e6-d4f09acbdd4a" testName="TestSingleTree" computerName="ANZHELA-PC" duration="00:00:00.0002085" startTime="2017-05-25T10:41:16.0401273+03:00" endTime="2017-05-25T10:41:16.0401273+03:00" testType="13cdc9d9-ddb5-4fa4-a97d-d965ccfc6d4b" outcome="Passed" testListId="8c84fa94-04c1-424b-9868-57a2d4851a1d" relativeResultsDirectory="7a71b406-21db-4919-a80d-18320515192e">
    </UnitTestResult>
  </Results>
</TestRun>