<?xml version="1.0" encoding="UTF-8"?>
<TestRun id="7bc7bd37-2783-42d2-bf96-9d2b1d61628f" name="ss-si@ANZHELA-PC 2017-05-25 00:40:16" runUser="ANZHELA-PC\ss-si" xmlns="http://microsoft.com/schemas/VisualStudio/TeamTest/2010">
  <TestSettings name="Локальные" id="a85a7cba-6cd1-490f-879a-c359214a491d">
    <Description>Это - параметры по умолчанию для локального тестового запуска.</Description>
    <Deployment enabled="false" runDeploymentRoot="ss-si_ANZHELA-PC 2017-05-25 00_40_16">
      <DeploymentItem filename="C:\Users\ss-si\Desktop\Struchkov\Debug\Struchkov.exe" />
    </Deployment>
    <Execution>
      <TestTypeSpecific />
      <AgentRule name="Execution Agents">
      </AgentRule>
    </Execution>
  </TestSettings>
  <Times creation="2017-05-25T00:40:16.2288436+03:00" queuing="2017-05-25T00:40:20.2390051+03:00" start="2017-05-25T00:40:20.4138057+03:00" finish="2017-05-25T00:40:21.5211338+03:00" />
  <ResultSummary outcome="Completed">
    <Counters total="6" executed="6" passed="6" error="0" failed="0" timeout="0" aborted="0" inconclusive="0" passedButRunAborted="0" notRunnable="0" notExecuted="0" disconnected="0" warning="0" completed="0" inProgress="0" pending="0" />
  </ResultSummary>
  <TestDefinitions>
    <UnitTest name="TestNullTree" storage="c:\users\ss-si\desktop\struchkov\debug\defaulttest.dll" id="336722f7-ed9d-3153-7bbd-a0a15ef52101">
      <Execution id="8c556956-a91d-420e-af66-90f55cd5d304" />
      <TestMethod codeBase="C:/Users/ss-si/Desktop/Struchkov/Debug/DefaultTest.DLL" adapterTypeName="Microsoft.VisualStudio.TestTools.TestTypes.Unit.UnitTestAdapter, Microsoft.VisualStudio.QualityTools.Tips.UnitTest.Adapter, Version=10.0.0.0, Culture=neutral, PublicKeyToken=b03f5f7f11d50a3a" className="TestStruchkov.UnitTest, DefaultTest, Version=1.0.6354.1206, Culture=neutral, PublicKeyToken=null" name="TestNullTree" />
    </UnitTest>
    <UnitTest name="TestLog2" storage="c:\users\ss-si\desktop\struchkov\debug\defaulttest.dll" id="792e5586-eb17-9689-2046-ed6859a89f68">
      <Execution id="f9027ad1-7230-403e-82e7-2e55a5cb949e" />
      <TestMethod codeBase="C:/Users/ss-si/Desktop/Struchkov/Debug/DefaultTest.DLL" adapterTypeName="Microsoft.VisualStudio.TestTools.TestTypes.Unit.UnitTestAdapter, Microsoft.VisualStudio.QualityTools.Tips.UnitTest.Adapter, Version=10.0.0.0, Culture=neutral, PublicKeyToken=b03f5f7f11d50a3a" className="TestStruchkov.UnitTest, DefaultTest, Version=1.0.6354.1206, Culture=neutral, PublicKeyToken=null" name="TestLog2" />
    </UnitTest>
    <UnitTest name="TestSumSerial" storage="c:\users\ss-si\desktop\struchkov\debug\defaulttest.dll" id="77dd7e82-9a3f-c80d-14c5-082b5e8e70a2">
      <Execution id="ba1d87aa-562f-42c9-bde2-6b56e16322ee" />
      <TestMethod codeBase="C:/Users/ss-si/Desktop/Struchkov/Debug/DefaultTest.DLL" adapterTypeName="Microsoft.VisualStudio.TestTools.TestTypes.Unit.UnitTestAdapter, Microsoft.VisualStudio.QualityTools.Tips.UnitTest.Adapter, Version=10.0.0.0, Culture=neutral, PublicKeyToken=b03f5f7f11d50a3a" className="TestStruchkov.UnitTest, DefaultTest, Version=1.0.6354.1206, Culture=neutral, PublicKeyToken=null" name="TestSumSerial" />
    </UnitTest>
    <UnitTest name="TestSumParallel" storage="c:\users\ss-si\desktop\struchkov\debug\defaulttest.dll" id="5c1f4678-bbfd-e5e5-2af9-0da40b6cd5e6">
      <Execution id="3cad329e-3aba-45c8-8d87-5d30daa3374f" />
      <TestMethod codeBase="C:/Users/ss-si/Desktop/Struchkov/Debug/DefaultTest.DLL" adapterTypeName="Microsoft.VisualStudio.TestTools.TestTypes.Unit.UnitTestAdapter, Microsoft.VisualStudio.QualityTools.Tips.UnitTest.Adapter, Version=10.0.0.0, Culture=neutral, PublicKeyToken=b03f5f7f11d50a3a" className="TestStruchkov.UnitTest, DefaultTest, Version=1.0.6354.1206, Culture=neutral, PublicKeyToken=null" name="TestSumParallel" />
    </UnitTest>
    <UnitTest name="TestSingleTree" storage="c:\users\ss-si\desktop\struchkov\debug\defaulttest.dll" id="f2fcbda4-2b03-5dc7-76e6-d4f09acbdd4a">
      <Execution id="dfedbb31-1be7-4ea0-bb5d-30d1e6e1120a" />
      <TestMethod codeBase="C:/Users/ss-si/Desktop/Struchkov/Debug/DefaultTest.DLL" adapterTypeName="Microsoft.VisualStudio.TestTools.TestTypes.Unit.UnitTestAdapter, Microsoft.VisualStudio.QualityTools.Tips.UnitTest.Adapter, Version=10.0.0.0, Culture=neutral, PublicKeyToken=b03f5f7f11d50a3a" className="TestStruchkov.UnitTest, DefaultTest, Version=1.0.6354.1206, Culture=neutral, PublicKeyToken=null" name="TestSingleTree" />
    </UnitTest>
    <UnitTest name="TestSumParallelPthread" storage="c:\users\ss-si\desktop\struchkov\debug\defaulttest.dll" id="2b072638-748d-5ee2-dd11-ac0457d46dbd">
      <Execution id="c4f75e57-2f5c-4e48-9dd6-18eb99724b92" />
      <TestMethod codeBase="C:/Users/ss-si/Desktop/Struchkov/Debug/DefaultTest.DLL" adapterTypeName="Microsoft.VisualStudio.TestTools.TestTypes.Unit.UnitTestAdapter, Microsoft.VisualStudio.QualityTools.Tips.UnitTest.Adapter, Version=10.0.0.0, Culture=neutral, PublicKeyToken=b03f5f7f11d50a3a" className="TestStruchkov.UnitTest, DefaultTest, Version=1.0.6354.1206, Culture=neutral, PublicKeyToken=null" name="TestSumParallelPthread" />
    </UnitTest>
  </TestDefinitions>
  <TestLists>
    <TestList name="Отсутствующие в списке результаты" id="8c84fa94-04c1-424b-9868-57a2d4851a1d" />
    <TestList name="Все загруженные результаты" id="19431567-8539-422a-85d7-44ee4e166bda" />
  </TestLists>
  <TestEntries>
    <TestEntry testId="2b072638-748d-5ee2-dd11-ac0457d46dbd" executionId="c4f75e57-2f5c-4e48-9dd6-18eb99724b92" testListId="8c84fa94-04c1-424b-9868-57a2d4851a1d" />
    <TestEntry testId="336722f7-ed9d-3153-7bbd-a0a15ef52101" executionId="8c556956-a91d-420e-af66-90f55cd5d304" testListId="8c84fa94-04c1-424b-9868-57a2d4851a1d" />
    <TestEntry testId="5c1f4678-bbfd-e5e5-2af9-0da40b6cd5e6" executionId="3cad329e-3aba-45c8-8d87-5d30daa3374f" testListId="8c84fa94-04c1-424b-9868-57a2d4851a1d" />
    <TestEntry testId="77dd7e82-9a3f-c80d-14c5-082b5e8e70a2" executionId="ba1d87aa-562f-42c9-bde2-6b56e16322ee" testListId="8c84fa94-04c1-424b-9868-57a2d4851a1d" />
    <TestEntry testId="792e5586-eb17-9689-2046-ed6859a89f68" executionId="f9027ad1-7230-403e-82e7-2e55a5cb949e" testListId="8c84fa94-04c1-424b-9868-57a2d4851a1d" />
    <TestEntry testId="f2fcbda4-2b03-5dc7-76e6-d4f09acbdd4a" executionId="dfedbb31-1be7-4ea0-bb5d-30d1e6e1120a" testListId="8c84fa94-04c1-424b-9868-57a2d4851a1d" />
  </TestEntries>
  <Results>
    <UnitTestResult executionId="c4f75e57-2f5c-4e48-9dd6-18eb99724b92" testId="2b072638-748d-5ee2-dd11-ac0457d46dbd" testName="TestSumParallelPthread" computerName="ANZHELA-PC" duration="00:00:00.0298875" startTime="2017-05-25T00:40:20.6005064+03:00" endTime="2017-05-25T00:40:21.3810404+03:00" testType="13cdc9d9-ddb5-4fa4-a97d-d965ccfc6d4b" outcome="Passed" testListId="8c84fa94-04c1-424b-9868-57a2d4851a1d" relativeResultsDirectory="c4f75e57-2f5c-4e48-9dd6-18eb99724b92">
    </UnitTestResult>
    <UnitTestResult executionId="8c556956-a91d-420e-af66-90f55cd5d304" testId="336722f7-ed9d-3153-7bbd-a0a15ef52101" testName="TestNullTree" computerName="ANZHELA-PC" duration="00:00:00.0002951" startTime="2017-05-25T00:40:21.3875444+03:00" endTime="2017-05-25T00:40:21.3910467+03:00" testType="13cdc9d9-ddb5-4fa4-a97d-d965ccfc6d4b" outcome="Passed" testListId="8c84fa94-04c1-424b-9868-57a2d4851a1d" relativeResultsDirectory="8c556956-a91d-420e-af66-90f55cd5d304">
    </UnitTestResult>
    <UnitTestResult executionId="3cad329e-3aba-45c8-8d87-5d30daa3374f" testId="5c1f4678-bbfd-e5e5-2af9-0da40b6cd5e6" testName="TestSumParallel" computerName="ANZHELA-PC" duration="00:00:00.0014906" startTime="2017-05-25T00:40:21.3960498+03:00" endTime="2017-05-25T00:40:21.4010534+03:00" testType="13cdc9d9-ddb5-4fa4-a97d-d965ccfc6d4b" outcome="Passed" testListId="8c84fa94-04c1-424b-9868-57a2d4851a1d" relativeResultsDirectory="3cad329e-3aba-45c8-8d87-5d30daa3374f">
    </UnitTestResult>
    <UnitTestResult executionId="ba1d87aa-562f-42c9-bde2-6b56e16322ee" testId="77dd7e82-9a3f-c80d-14c5-082b5e8e70a2" testName="TestSumSerial" computerName="ANZHELA-PC" duration="00:00:00.0004125" startTime="2017-05-25T00:40:21.4060565+03:00" endTime="2017-05-25T00:40:21.4095596+03:00" testType="13cdc9d9-ddb5-4fa4-a97d-d965ccfc6d4b" outcome="Passed" testListId="8c84fa94-04c1-424b-9868-57a2d4851a1d" relativeResultsDirectory="ba1d87aa-562f-42c9-bde2-6b56e16322ee">
    </UnitTestResult>
    <UnitTestResult executionId="f9027ad1-7230-403e-82e7-2e55a5cb949e" testId="792e5586-eb17-9689-2046-ed6859a89f68" testName="TestLog2" computerName="ANZHELA-PC" duration="00:00:00.0007130" startTime="2017-05-25T00:40:21.4155628+03:00" endTime="2017-05-25T00:40:21.4185654+03:00" testType="13cdc9d9-ddb5-4fa4-a97d-d965ccfc6d4b" outcome="Passed" testListId="8c84fa94-04c1-424b-9868-57a2d4851a1d" relativeResultsDirectory="f9027ad1-7230-403e-82e7-2e55a5cb949e">
    </UnitTestResult>
    <UnitTestResult executionId="dfedbb31-1be7-4ea0-bb5d-30d1e6e1120a" testId="f2fcbda4-2b03-5dc7-76e6-d4f09acbdd4a" testName="TestSingleTree" computerName="ANZHELA-PC" duration="00:00:00.0003017" startTime="2017-05-25T00:40:21.4235690+03:00" endTime="2017-05-25T00:40:21.4270704+03:00" testType="13cdc9d9-ddb5-4fa4-a97d-d965ccfc6d4b" outcome="Passed" testListId="8c84fa94-04c1-424b-9868-57a2d4851a1d" relativeResultsDirectory="dfedbb31-1be7-4ea0-bb5d-30d1e6e1120a">
    </UnitTestResult>
  </Results>
</TestRun>